2017-04-15 19:32:48 - PHP Notice:  Undefined variable: image in C:\OPENSERVER\OpenServer\domains\mini.loc\catalog\view\theme\cosyone\template\blog\special_offers-single.tpl on line 34
2017-04-15 19:44:27 - PHP Notice:  Undefined variable: column_image in C:\OPENSERVER\OpenServer\domains\mini.loc\catalog\view\theme\cosyone\template\quickcheckout\cart.tpl on line 12
2017-04-15 19:44:27 - PHP Notice:  Undefined variable: column_name in C:\OPENSERVER\OpenServer\domains\mini.loc\catalog\view\theme\cosyone\template\quickcheckout\cart.tpl on line 13
2017-04-15 19:44:27 - PHP Notice:  Undefined variable: column_model in C:\OPENSERVER\OpenServer\domains\mini.loc\catalog\view\theme\cosyone\template\quickcheckout\cart.tpl on line 14
2017-04-15 19:44:27 - PHP Notice:  Undefined variable: column_price in C:\OPENSERVER\OpenServer\domains\mini.loc\catalog\view\theme\cosyone\template\quickcheckout\cart.tpl on line 15
2017-04-15 19:44:27 - PHP Notice:  Undefined variable: column_quantity in C:\OPENSERVER\OpenServer\domains\mini.loc\catalog\view\theme\cosyone\template\quickcheckout\cart.tpl on line 16
2017-04-15 19:44:27 - PHP Notice:  Undefined variable: column_total in C:\OPENSERVER\OpenServer\domains\mini.loc\catalog\view\theme\cosyone\template\quickcheckout\cart.tpl on line 17
2017-04-15 19:44:27 - PHP Notice:  Undefined variable: continue in C:\OPENSERVER\OpenServer\domains\mini.loc\catalog\view\theme\cosyone\template\quickcheckout\cart.tpl on line 67
2017-04-15 19:44:27 - PHP Notice:  Undefined variable: button_shopping in C:\OPENSERVER\OpenServer\domains\mini.loc\catalog\view\theme\cosyone\template\quickcheckout\cart.tpl on line 67
2017-04-15 19:44:27 - PHP Notice:  Undefined variable: checkout in C:\OPENSERVER\OpenServer\domains\mini.loc\catalog\view\theme\cosyone\template\quickcheckout\cart.tpl on line 73
2017-04-15 19:44:27 - PHP Notice:  Undefined variable: button_checkout in C:\OPENSERVER\OpenServer\domains\mini.loc\catalog\view\theme\cosyone\template\quickcheckout\cart.tpl on line 73
2017-04-15 19:44:27 - PHP Notice:  Undefined variable: column_image in C:\OPENSERVER\OpenServer\domains\mini.loc\catalog\view\theme\cosyone\template\quickcheckout\cart.tpl on line 12
2017-04-15 19:44:27 - PHP Notice:  Undefined variable: column_name in C:\OPENSERVER\OpenServer\domains\mini.loc\catalog\view\theme\cosyone\template\quickcheckout\cart.tpl on line 13
2017-04-15 19:44:27 - PHP Notice:  Undefined variable: column_model in C:\OPENSERVER\OpenServer\domains\mini.loc\catalog\view\theme\cosyone\template\quickcheckout\cart.tpl on line 14
2017-04-15 19:44:27 - PHP Notice:  Undefined variable: column_price in C:\OPENSERVER\OpenServer\domains\mini.loc\catalog\view\theme\cosyone\template\quickcheckout\cart.tpl on line 15
2017-04-15 19:44:27 - PHP Notice:  Undefined variable: column_quantity in C:\OPENSERVER\OpenServer\domains\mini.loc\catalog\view\theme\cosyone\template\quickcheckout\cart.tpl on line 16
2017-04-15 19:44:27 - PHP Notice:  Undefined variable: column_total in C:\OPENSERVER\OpenServer\domains\mini.loc\catalog\view\theme\cosyone\template\quickcheckout\cart.tpl on line 17
2017-04-15 19:44:27 - PHP Notice:  Undefined variable: continue in C:\OPENSERVER\OpenServer\domains\mini.loc\catalog\view\theme\cosyone\template\quickcheckout\cart.tpl on line 67
2017-04-15 19:44:27 - PHP Notice:  Undefined variable: button_shopping in C:\OPENSERVER\OpenServer\domains\mini.loc\catalog\view\theme\cosyone\template\quickcheckout\cart.tpl on line 67
2017-04-15 19:44:27 - PHP Notice:  Undefined variable: checkout in C:\OPENSERVER\OpenServer\domains\mini.loc\catalog\view\theme\cosyone\template\quickcheckout\cart.tpl on line 73
2017-04-15 19:44:27 - PHP Notice:  Undefined variable: button_checkout in C:\OPENSERVER\OpenServer\domains\mini.loc\catalog\view\theme\cosyone\template\quickcheckout\cart.tpl on line 73
2017-04-15 19:44:54 - PHP Notice:  Undefined variable: column_image in C:\OPENSERVER\OpenServer\domains\mini.loc\catalog\view\theme\cosyone\template\quickcheckout\cart.tpl on line 12
2017-04-15 19:44:54 - PHP Notice:  Undefined variable: column_name in C:\OPENSERVER\OpenServer\domains\mini.loc\catalog\view\theme\cosyone\template\quickcheckout\cart.tpl on line 13
2017-04-15 19:44:54 - PHP Notice:  Undefined variable: column_model in C:\OPENSERVER\OpenServer\domains\mini.loc\catalog\view\theme\cosyone\template\quickcheckout\cart.tpl on line 14
2017-04-15 19:44:54 - PHP Notice:  Undefined variable: column_price in C:\OPENSERVER\OpenServer\domains\mini.loc\catalog\view\theme\cosyone\template\quickcheckout\cart.tpl on line 15
2017-04-15 19:44:54 - PHP Notice:  Undefined variable: column_quantity in C:\OPENSERVER\OpenServer\domains\mini.loc\catalog\view\theme\cosyone\template\quickcheckout\cart.tpl on line 16
2017-04-15 19:44:54 - PHP Notice:  Undefined variable: column_total in C:\OPENSERVER\OpenServer\domains\mini.loc\catalog\view\theme\cosyone\template\quickcheckout\cart.tpl on line 17
2017-04-15 19:44:54 - PHP Notice:  Undefined variable: continue in C:\OPENSERVER\OpenServer\domains\mini.loc\catalog\view\theme\cosyone\template\quickcheckout\cart.tpl on line 67
2017-04-15 19:44:54 - PHP Notice:  Undefined variable: button_shopping in C:\OPENSERVER\OpenServer\domains\mini.loc\catalog\view\theme\cosyone\template\quickcheckout\cart.tpl on line 67
2017-04-15 19:44:54 - PHP Notice:  Undefined variable: checkout in C:\OPENSERVER\OpenServer\domains\mini.loc\catalog\view\theme\cosyone\template\quickcheckout\cart.tpl on line 73
2017-04-15 19:44:54 - PHP Notice:  Undefined variable: button_checkout in C:\OPENSERVER\OpenServer\domains\mini.loc\catalog\view\theme\cosyone\template\quickcheckout\cart.tpl on line 73
2017-04-15 19:44:55 - PHP Notice:  Undefined variable: column_image in C:\OPENSERVER\OpenServer\domains\mini.loc\catalog\view\theme\cosyone\template\quickcheckout\cart.tpl on line 12
2017-04-15 19:44:55 - PHP Notice:  Undefined variable: column_name in C:\OPENSERVER\OpenServer\domains\mini.loc\catalog\view\theme\cosyone\template\quickcheckout\cart.tpl on line 13
2017-04-15 19:44:55 - PHP Notice:  Undefined variable: column_model in C:\OPENSERVER\OpenServer\domains\mini.loc\catalog\view\theme\cosyone\template\quickcheckout\cart.tpl on line 14
2017-04-15 19:44:55 - PHP Notice:  Undefined variable: column_price in C:\OPENSERVER\OpenServer\domains\mini.loc\catalog\view\theme\cosyone\template\quickcheckout\cart.tpl on line 15
2017-04-15 19:44:55 - PHP Notice:  Undefined variable: column_quantity in C:\OPENSERVER\OpenServer\domains\mini.loc\catalog\view\theme\cosyone\template\quickcheckout\cart.tpl on line 16
2017-04-15 19:44:55 - PHP Notice:  Undefined variable: column_total in C:\OPENSERVER\OpenServer\domains\mini.loc\catalog\view\theme\cosyone\template\quickcheckout\cart.tpl on line 17
2017-04-15 19:44:55 - PHP Notice:  Undefined variable: continue in C:\OPENSERVER\OpenServer\domains\mini.loc\catalog\view\theme\cosyone\template\quickcheckout\cart.tpl on line 67
2017-04-15 19:44:55 - PHP Notice:  Undefined variable: button_shopping in C:\OPENSERVER\OpenServer\domains\mini.loc\catalog\view\theme\cosyone\template\quickcheckout\cart.tpl on line 67
2017-04-15 19:44:55 - PHP Notice:  Undefined variable: checkout in C:\OPENSERVER\OpenServer\domains\mini.loc\catalog\view\theme\cosyone\template\quickcheckout\cart.tpl on line 73
2017-04-15 19:44:55 - PHP Notice:  Undefined variable: button_checkout in C:\OPENSERVER\OpenServer\domains\mini.loc\catalog\view\theme\cosyone\template\quickcheckout\cart.tpl on line 73
